0 info it worked if it ends with ok
1 verbose cli [ '/usr/local/bin/node', '/usr/local/bin/npm', 'install' ]
2 info using npm@2.15.9
3 info using node@v4.6.1
4 verbose readDependencies loading dependencies from /Users/as030122/Desktop/zigwe-master-V-2/zigwe-master-V-2/package.json
5 verbose install where, deps [ '/Users/as030122/Desktop/zigwe-master-V-2/zigwe-master-V-2',
5 verbose install   [ '@angular/common',
5 verbose install     '@angular/compiler',
5 verbose install     '@angular/compiler-cli',
5 verbose install     '@angular/core',
5 verbose install     '@angular/forms',
5 verbose install     '@angular/http',
5 verbose install     '@angular/platform-browser',
5 verbose install     '@angular/platform-browser-dynamic',
5 verbose install     '@angular/router',
5 verbose install     '@angular/upgrade',
5 verbose install     'angular2-in-memory-web-api',
5 verbose install     'body-parser',
5 verbose install     'bootstrap',
5 verbose install     'cookie-parser',
5 verbose install     'core-js',
5 verbose install     'debug',
5 verbose install     'ejs',
5 verbose install     'express',
5 verbose install     'morgan',
5 verbose install     'mysql',
5 verbose install     'reflect-metadata',
5 verbose install     'rxjs',
5 verbose install     'serve-favicon',
5 verbose install     'systemjs',
5 verbose install     'zone.js',
5 verbose install     'concurrently',
5 verbose install     'typescript',
5 verbose install     'typings' ] ]
6 verbose install where, peers [ '/Users/as030122/Desktop/zigwe-master-V-2/zigwe-master-V-2',
6 verbose install   [] ]
7 verbose installManyTop reading for lifecycle /Users/as030122/Desktop/zigwe-master-V-2/zigwe-master-V-2/package.json
8 info preinstall zigwee@0.0.0
9 verbose installManyTop reading scoped package data from /Users/as030122/Desktop/zigwe-master-V-2/zigwe-master-V-2/node_modules/angular2-in-memory-web-api/package.json
10 verbose installManyTop reading scoped package data from /Users/as030122/Desktop/zigwe-master-V-2/zigwe-master-V-2/node_modules/body-parser/package.json
11 verbose installManyTop reading scoped package data from /Users/as030122/Desktop/zigwe-master-V-2/zigwe-master-V-2/node_modules/bootstrap/package.json
12 verbose installManyTop reading scoped package data from /Users/as030122/Desktop/zigwe-master-V-2/zigwe-master-V-2/node_modules/concurrently/package.json
13 verbose installManyTop reading scoped package data from /Users/as030122/Desktop/zigwe-master-V-2/zigwe-master-V-2/node_modules/cookie-parser/package.json
14 verbose installManyTop reading scoped package data from /Users/as030122/Desktop/zigwe-master-V-2/zigwe-master-V-2/node_modules/core-js/package.json
15 verbose installManyTop reading scoped package data from /Users/as030122/Desktop/zigwe-master-V-2/zigwe-master-V-2/node_modules/debug/package.json
16 verbose installManyTop reading scoped package data from /Users/as030122/Desktop/zigwe-master-V-2/zigwe-master-V-2/node_modules/ejs/package.json
17 verbose installManyTop reading scoped package data from /Users/as030122/Desktop/zigwe-master-V-2/zigwe-master-V-2/node_modules/express/package.json
18 verbose installManyTop reading scoped package data from /Users/as030122/Desktop/zigwe-master-V-2/zigwe-master-V-2/node_modules/morgan/package.json
19 verbose installManyTop reading scoped package data from /Users/as030122/Desktop/zigwe-master-V-2/zigwe-master-V-2/node_modules/mysql/package.json
20 verbose installManyTop reading scoped package data from /Users/as030122/Desktop/zigwe-master-V-2/zigwe-master-V-2/node_modules/reflect-metadata/package.json
21 verbose installManyTop reading scoped package data from /Users/as030122/Desktop/zigwe-master-V-2/zigwe-master-V-2/node_modules/rxjs/package.json
22 verbose installManyTop reading scoped package data from /Users/as030122/Desktop/zigwe-master-V-2/zigwe-master-V-2/node_modules/serve-favicon/package.json
23 verbose installManyTop reading scoped package data from /Users/as030122/Desktop/zigwe-master-V-2/zigwe-master-V-2/node_modules/systemjs/package.json
24 verbose installManyTop reading scoped package data from /Users/as030122/Desktop/zigwe-master-V-2/zigwe-master-V-2/node_modules/typescript/package.json
25 verbose installManyTop reading scoped package data from /Users/as030122/Desktop/zigwe-master-V-2/zigwe-master-V-2/node_modules/typings/package.json
26 verbose installManyTop reading scoped package data from /Users/as030122/Desktop/zigwe-master-V-2/zigwe-master-V-2/node_modules/zone.js/package.json
27 verbose installManyTop reading scoped package data from /Users/as030122/Desktop/zigwe-master-V-2/zigwe-master-V-2/node_modules/@angular/common/package.json
28 verbose installManyTop reading scoped package data from /Users/as030122/Desktop/zigwe-master-V-2/zigwe-master-V-2/node_modules/@angular/compiler/package.json
29 verbose installManyTop reading scoped package data from /Users/as030122/Desktop/zigwe-master-V-2/zigwe-master-V-2/node_modules/@angular/compiler-cli/package.json
30 verbose installManyTop reading scoped package data from /Users/as030122/Desktop/zigwe-master-V-2/zigwe-master-V-2/node_modules/@angular/core/package.json
31 verbose installManyTop reading scoped package data from /Users/as030122/Desktop/zigwe-master-V-2/zigwe-master-V-2/node_modules/@angular/forms/package.json
32 verbose installManyTop reading scoped package data from /Users/as030122/Desktop/zigwe-master-V-2/zigwe-master-V-2/node_modules/@angular/http/package.json
33 verbose installManyTop reading scoped package data from /Users/as030122/Desktop/zigwe-master-V-2/zigwe-master-V-2/node_modules/@angular/platform-browser/package.json
34 verbose installManyTop reading scoped package data from /Users/as030122/Desktop/zigwe-master-V-2/zigwe-master-V-2/node_modules/@angular/platform-browser-dynamic/package.json
35 verbose installManyTop reading scoped package data from /Users/as030122/Desktop/zigwe-master-V-2/zigwe-master-V-2/node_modules/@angular/platform-server/package.json
36 verbose installManyTop reading scoped package data from /Users/as030122/Desktop/zigwe-master-V-2/zigwe-master-V-2/node_modules/@angular/router/package.json
37 verbose installManyTop reading scoped package data from /Users/as030122/Desktop/zigwe-master-V-2/zigwe-master-V-2/node_modules/@angular/upgrade/package.json
38 info package.json core-js@2.4.1 No README data
39 info package.json @angular/common@2.0.0-rc.6 No description
40 info package.json @angular/common@2.0.0-rc.6 No README data
41 info package.json @angular/compiler@2.0.0-rc.6 No README data
42 info package.json @angular/core@2.0.0-rc.6 No README data
43 info package.json @angular/compiler-cli@0.6.0 No README data
44 info package.json @angular/platform-browser@2.0.0-rc.6 No README data
45 info package.json @angular/forms@2.0.0-rc.6 No README data
46 info package.json @angular/http@2.0.0-rc.6 No README data
47 info package.json @angular/platform-browser-dynamic@2.0.0-rc.6 No README data
48 info package.json @angular/router@3.0.0-rc.2 No README data
49 info package.json @angular/upgrade@2.0.0-rc.6 No description
50 info package.json @angular/upgrade@2.0.0-rc.6 No README data
51 verbose readDependencies loading dependencies from /Users/as030122/Desktop/zigwe-master-V-2/zigwe-master-V-2/package.json
52 verbose targetResolver reading package data from /Users/as030122/Desktop/zigwe-master-V-2/zigwe-master-V-2/node_modules/angular2-in-memory-web-api/package.json
53 verbose targetResolver reading package data from /Users/as030122/Desktop/zigwe-master-V-2/zigwe-master-V-2/node_modules/body-parser/package.json
54 verbose targetResolver reading package data from /Users/as030122/Desktop/zigwe-master-V-2/zigwe-master-V-2/node_modules/bootstrap/package.json
55 verbose targetResolver reading package data from /Users/as030122/Desktop/zigwe-master-V-2/zigwe-master-V-2/node_modules/concurrently/package.json
56 verbose targetResolver reading package data from /Users/as030122/Desktop/zigwe-master-V-2/zigwe-master-V-2/node_modules/cookie-parser/package.json
57 verbose targetResolver reading package data from /Users/as030122/Desktop/zigwe-master-V-2/zigwe-master-V-2/node_modules/core-js/package.json
58 verbose targetResolver reading package data from /Users/as030122/Desktop/zigwe-master-V-2/zigwe-master-V-2/node_modules/debug/package.json
59 verbose targetResolver reading package data from /Users/as030122/Desktop/zigwe-master-V-2/zigwe-master-V-2/node_modules/ejs/package.json
60 verbose targetResolver reading package data from /Users/as030122/Desktop/zigwe-master-V-2/zigwe-master-V-2/node_modules/express/package.json
61 verbose targetResolver reading package data from /Users/as030122/Desktop/zigwe-master-V-2/zigwe-master-V-2/node_modules/morgan/package.json
62 verbose targetResolver reading package data from /Users/as030122/Desktop/zigwe-master-V-2/zigwe-master-V-2/node_modules/mysql/package.json
63 verbose targetResolver reading package data from /Users/as030122/Desktop/zigwe-master-V-2/zigwe-master-V-2/node_modules/reflect-metadata/package.json
64 verbose targetResolver reading package data from /Users/as030122/Desktop/zigwe-master-V-2/zigwe-master-V-2/node_modules/rxjs/package.json
65 verbose targetResolver reading package data from /Users/as030122/Desktop/zigwe-master-V-2/zigwe-master-V-2/node_modules/serve-favicon/package.json
66 verbose targetResolver reading package data from /Users/as030122/Desktop/zigwe-master-V-2/zigwe-master-V-2/node_modules/systemjs/package.json
67 verbose targetResolver reading package data from /Users/as030122/Desktop/zigwe-master-V-2/zigwe-master-V-2/node_modules/typescript/package.json
68 verbose targetResolver reading package data from /Users/as030122/Desktop/zigwe-master-V-2/zigwe-master-V-2/node_modules/typings/package.json
69 verbose targetResolver reading package data from /Users/as030122/Desktop/zigwe-master-V-2/zigwe-master-V-2/node_modules/zone.js/package.json
70 verbose targetResolver reading package data from /Users/as030122/Desktop/zigwe-master-V-2/zigwe-master-V-2/node_modules/.bin/concurrent/package.json
71 verbose targetResolver reading package data from /Users/as030122/Desktop/zigwe-master-V-2/zigwe-master-V-2/node_modules/.bin/concurrently/package.json
72 verbose targetResolver reading package data from /Users/as030122/Desktop/zigwe-master-V-2/zigwe-master-V-2/node_modules/.bin/ng-xi18n/package.json
73 verbose targetResolver reading package data from /Users/as030122/Desktop/zigwe-master-V-2/zigwe-master-V-2/node_modules/.bin/ngc/package.json
74 verbose targetResolver reading package data from /Users/as030122/Desktop/zigwe-master-V-2/zigwe-master-V-2/node_modules/.bin/tsc/package.json
75 verbose targetResolver reading package data from /Users/as030122/Desktop/zigwe-master-V-2/zigwe-master-V-2/node_modules/.bin/tsserver/package.json
76 verbose targetResolver reading package data from /Users/as030122/Desktop/zigwe-master-V-2/zigwe-master-V-2/node_modules/.bin/typings/package.json
77 verbose targetResolver reading package data from /Users/as030122/Desktop/zigwe-master-V-2/zigwe-master-V-2/node_modules/@angular/common/package.json
78 verbose targetResolver reading package data from /Users/as030122/Desktop/zigwe-master-V-2/zigwe-master-V-2/node_modules/@angular/compiler/package.json
79 verbose targetResolver reading package data from /Users/as030122/Desktop/zigwe-master-V-2/zigwe-master-V-2/node_modules/@angular/compiler-cli/package.json
80 verbose targetResolver reading package data from /Users/as030122/Desktop/zigwe-master-V-2/zigwe-master-V-2/node_modules/@angular/core/package.json
81 verbose targetResolver reading package data from /Users/as030122/Desktop/zigwe-master-V-2/zigwe-master-V-2/node_modules/@angular/forms/package.json
82 verbose targetResolver reading package data from /Users/as030122/Desktop/zigwe-master-V-2/zigwe-master-V-2/node_modules/@angular/http/package.json
83 verbose targetResolver reading package data from /Users/as030122/Desktop/zigwe-master-V-2/zigwe-master-V-2/node_modules/@angular/platform-browser/package.json
84 verbose targetResolver reading package data from /Users/as030122/Desktop/zigwe-master-V-2/zigwe-master-V-2/node_modules/@angular/platform-browser-dynamic/package.json
85 verbose targetResolver reading package data from /Users/as030122/Desktop/zigwe-master-V-2/zigwe-master-V-2/node_modules/@angular/platform-server/package.json
86 verbose targetResolver reading package data from /Users/as030122/Desktop/zigwe-master-V-2/zigwe-master-V-2/node_modules/@angular/router/package.json
87 verbose targetResolver reading package data from /Users/as030122/Desktop/zigwe-master-V-2/zigwe-master-V-2/node_modules/@angular/upgrade/package.json
88 verbose already installed skipping @angular/platform-browser@2.0.0-rc.6 /Users/as030122/Desktop/zigwe-master-V-2/zigwe-master-V-2
89 verbose already installed skipping @angular/platform-browser-dynamic@2.0.0-rc.6 /Users/as030122/Desktop/zigwe-master-V-2/zigwe-master-V-2
90 verbose already installed skipping @angular/router@3.0.0-rc.2 /Users/as030122/Desktop/zigwe-master-V-2/zigwe-master-V-2
91 verbose already installed skipping @angular/upgrade@2.0.0-rc.6 /Users/as030122/Desktop/zigwe-master-V-2/zigwe-master-V-2
92 verbose already installed skipping angular2-in-memory-web-api@0.0.18 /Users/as030122/Desktop/zigwe-master-V-2/zigwe-master-V-2
93 verbose already installed skipping body-parser@~1.15.1 /Users/as030122/Desktop/zigwe-master-V-2/zigwe-master-V-2
94 verbose already installed skipping bootstrap@^3.3.6 /Users/as030122/Desktop/zigwe-master-V-2/zigwe-master-V-2
95 verbose already installed skipping cookie-parser@~1.4.3 /Users/as030122/Desktop/zigwe-master-V-2/zigwe-master-V-2
96 verbose already installed skipping core-js@^2.4.1 /Users/as030122/Desktop/zigwe-master-V-2/zigwe-master-V-2
97 verbose already installed skipping debug@~2.2.0 /Users/as030122/Desktop/zigwe-master-V-2/zigwe-master-V-2
98 verbose already installed skipping ejs@^2.4.2 /Users/as030122/Desktop/zigwe-master-V-2/zigwe-master-V-2
99 verbose already installed skipping express@~4.13.4 /Users/as030122/Desktop/zigwe-master-V-2/zigwe-master-V-2
100 verbose already installed skipping morgan@~1.7.0 /Users/as030122/Desktop/zigwe-master-V-2/zigwe-master-V-2
101 verbose already installed skipping mysql@^2.11.1 /Users/as030122/Desktop/zigwe-master-V-2/zigwe-master-V-2
102 verbose already installed skipping reflect-metadata@^0.1.3 /Users/as030122/Desktop/zigwe-master-V-2/zigwe-master-V-2
103 verbose already installed skipping rxjs@5.0.0-beta.11 /Users/as030122/Desktop/zigwe-master-V-2/zigwe-master-V-2
104 verbose already installed skipping serve-favicon@~2.3.0 /Users/as030122/Desktop/zigwe-master-V-2/zigwe-master-V-2
105 verbose already installed skipping systemjs@0.19.27 /Users/as030122/Desktop/zigwe-master-V-2/zigwe-master-V-2
106 verbose already installed skipping zone.js@^0.6.17 /Users/as030122/Desktop/zigwe-master-V-2/zigwe-master-V-2
107 verbose already installed skipping concurrently@^2.2.0 /Users/as030122/Desktop/zigwe-master-V-2/zigwe-master-V-2
108 verbose already installed skipping typescript@^1.8.10 /Users/as030122/Desktop/zigwe-master-V-2/zigwe-master-V-2
109 verbose already installed skipping typings@^1.3.2 /Users/as030122/Desktop/zigwe-master-V-2/zigwe-master-V-2
110 verbose already installed skipping @angular/common@2.0.0-rc.6 /Users/as030122/Desktop/zigwe-master-V-2/zigwe-master-V-2
111 verbose already installed skipping @angular/compiler@2.0.0-rc.6 /Users/as030122/Desktop/zigwe-master-V-2/zigwe-master-V-2
112 verbose already installed skipping @angular/compiler-cli@0.6.0 /Users/as030122/Desktop/zigwe-master-V-2/zigwe-master-V-2
113 verbose already installed skipping @angular/core@2.0.0-rc.6 /Users/as030122/Desktop/zigwe-master-V-2/zigwe-master-V-2
114 verbose already installed skipping @angular/forms@2.0.0-rc.6 /Users/as030122/Desktop/zigwe-master-V-2/zigwe-master-V-2
115 verbose already installed skipping @angular/http@2.0.0-rc.6 /Users/as030122/Desktop/zigwe-master-V-2/zigwe-master-V-2
116 silly install resolved []
117 info build /Users/as030122/Desktop/zigwe-master-V-2/zigwe-master-V-2
118 info linkStuff zigwee@0.0.0
119 silly linkStuff zigwee@0.0.0 has /Users/as030122/Desktop/zigwe-master-V-2 as its parent node_modules
120 verbose linkBins zigwee@0.0.0
121 verbose linkMans zigwee@0.0.0
122 verbose rebuildBundles zigwee@0.0.0
123 verbose rebuildBundles [ '.bin',
123 verbose rebuildBundles   '@angular',
123 verbose rebuildBundles   'angular2-in-memory-web-api',
123 verbose rebuildBundles   'body-parser',
123 verbose rebuildBundles   'bootstrap',
123 verbose rebuildBundles   'concurrently',
123 verbose rebuildBundles   'cookie-parser',
123 verbose rebuildBundles   'core-js',
123 verbose rebuildBundles   'debug',
123 verbose rebuildBundles   'ejs',
123 verbose rebuildBundles   'express',
123 verbose rebuildBundles   'morgan',
123 verbose rebuildBundles   'mysql',
123 verbose rebuildBundles   'reflect-metadata',
123 verbose rebuildBundles   'rxjs',
123 verbose rebuildBundles   'serve-favicon',
123 verbose rebuildBundles   'systemjs',
123 verbose rebuildBundles   'typescript',
123 verbose rebuildBundles   'typings',
123 verbose rebuildBundles   'zone.js' ]
124 info install zigwee@0.0.0
125 info postinstall zigwee@0.0.0
126 verbose unsafe-perm in lifecycle true
127 info prepublish zigwee@0.0.0
128 verbose validateInstall loading /Users/as030122/Desktop/zigwe-master-V-2/zigwe-master-V-2/package.json for validation
129 verbose stack Error: The package @angular/common@2.0.0-rc.6 does not satisfy its siblings' peerDependencies requirements!
129 verbose stack     at /usr/local/lib/node_modules/npm/lib/install.js:125:32
129 verbose stack     at /usr/local/lib/node_modules/npm/lib/install.js:268:7
129 verbose stack     at /usr/local/lib/node_modules/npm/node_modules/read-installed/read-installed.js:142:5
129 verbose stack     at /usr/local/lib/node_modules/npm/node_modules/read-installed/read-installed.js:263:14
129 verbose stack     at cb (/usr/local/lib/node_modules/npm/node_modules/slide/lib/async-map.js:47:24)
129 verbose stack     at /usr/local/lib/node_modules/npm/node_modules/read-installed/read-installed.js:263:14
129 verbose stack     at cb (/usr/local/lib/node_modules/npm/node_modules/slide/lib/async-map.js:47:24)
129 verbose stack     at /usr/local/lib/node_modules/npm/node_modules/read-installed/read-installed.js:263:14
129 verbose stack     at cb (/usr/local/lib/node_modules/npm/node_modules/slide/lib/async-map.js:47:24)
129 verbose stack     at /usr/local/lib/node_modules/npm/node_modules/read-installed/read-installed.js:263:14
130 verbose cwd /Users/as030122/Desktop/zigwe-master-V-2/zigwe-master-V-2
131 error Darwin 15.6.0
132 error argv "/usr/local/bin/node" "/usr/local/bin/npm" "install"
133 error node v4.6.1
134 error npm  v2.15.9
135 error code EPEERINVALID
136 error peerinvalid The package @angular/common@2.0.0-rc.6 does not satisfy its siblings' peerDependencies requirements!
136 error peerinvalid Peer @angular/forms@2.0.0-rc.6 wants @angular/common@^2.0.0-rc.6
136 error peerinvalid Peer @angular/platform-browser@2.0.0-rc.6 wants @angular/common@^2.0.0-rc.6
136 error peerinvalid Peer @angular/platform-browser-dynamic@2.0.0-rc.6 wants @angular/common@^2.0.0-rc.6
136 error peerinvalid Peer @angular/router@3.0.0-rc.2 wants @angular/common@^2.0.0-rc.6
136 error peerinvalid Peer @angular/platform-server@2.1.1 wants @angular/common@2.1.1
137 verbose exit [ 1, true ]
